<?xml version="1.0" encoding="UTF-8"?>
<testng-results total="1" passed="1" failed="0" skipped="0">
  <reporter-output>
    <line>
      <![CDATA[row no10]]>
    </line>
    <line>
      <![CDATA[error msgInvalid credentials]]>
    </line>
    <line>
      <![CDATA[error msgInvalid credentials]]>
    </line>
    <line>
      <![CDATA[error msgInvalid credentials]]>
    </line>
    <line>
      <![CDATA[error msgInvalid credentials]]>
    </line>
    <line>
      <![CDATA[error msgInvalid credentials]]>
    </line>
    <line>
      <![CDATA[error msgInvalid credentials]]>
    </line>
    <line>
      <![CDATA[error msgInvalid credentials]]>
    </line>
    <line>
      <![CDATA[error msgInvalid credentials]]>
    </line>
    <line>
      <![CDATA[error msgInvalid credentials]]>
    </line>
    <line>
      <![CDATA[error msgInvalid credentials]]>
    </line>
  </reporter-output>
  <suite started-at="2023-03-31T11:44:00Z" name="Default suite" finished-at="2023-03-31T11:44:30Z" duration-ms="30073">
    <groups>
    </groups>
    <test started-at="2023-03-31T11:44:00Z" name="Default test" finished-at="2023-03-31T11:44:30Z" duration-ms="30073">
      <class name="driverFactory.DriverScript">
        <test-method is-config="true" signature="setUp()[pri:0, instance:driverFactory.DriverScript@42b02722]" started-at="2023-03-31T17:14:00Z" name="setUp" finished-at="2023-03-31T17:14:02Z" duration-ms="1614" status="PASS">
          <reporter-output>
          </reporter-output>
        </test-method> <!-- setUp -->
        <test-method signature="startTest()[pri:0, instance:driverFactory.DriverScript@42b02722]" started-at="2023-03-31T17:14:02Z" name="startTest" finished-at="2023-03-31T17:14:30Z" duration-ms="28327" status="PASS">
          <reporter-output>
            <line>
              <![CDATA[row no10]]>
            </line>
            <line>
              <![CDATA[error msgInvalid credentials]]>
            </line>
            <line>
              <![CDATA[error msgInvalid credentials]]>
            </line>
            <line>
              <![CDATA[error msgInvalid credentials]]>
            </line>
            <line>
              <![CDATA[error msgInvalid credentials]]>
            </line>
            <line>
              <![CDATA[error msgInvalid credentials]]>
            </line>
            <line>
              <![CDATA[error msgInvalid credentials]]>
            </line>
            <line>
              <![CDATA[error msgInvalid credentials]]>
            </line>
            <line>
              <![CDATA[error msgInvalid credentials]]>
            </line>
            <line>
              <![CDATA[error msgInvalid credentials]]>
            </line>
            <line>
              <![CDATA[error msgInvalid credentials]]>
            </line>
          </reporter-output>
        </test-method> <!-- startTest -->
        <test-method is-config="true" signature="tearUp()[pri:0, instance:driverFactory.DriverScript@42b02722]" started-at="2023-03-31T17:14:30Z" name="tearUp" finished-at="2023-03-31T17:14:30Z" duration-ms="111" status="PASS">
          <reporter-output>
          </reporter-output>
        </test-method> <!-- tearUp -->
      </class> <!-- driverFactory.DriverScript -->
    </test> <!-- Default test -->
  </suite> <!-- Default suite -->
</testng-results>
